<?xml version="1.0" encoding="UTF-8"?>
<!-- Generated by org.testng.reporters.JUnitReportReporter -->
<testsuite hostname="HPpavilionFS" failures="0" tests="1" name="pageObjects.Homepage" time="4.456" errors="0" timestamp="2025-09-26T01:31:26 EDT" skipped="0">
  <testcase classname="pageObjects.Homepage" name="setUp" time="4.456"/>
</testsuite> <!-- pageObjects.Homepage -->
