<?xml version="1.0" encoding="UTF-8"?>
<!-- Generated by org.testng.reporters.JUnitReportReporter -->
<testsuite hostname="HPpavilionFS" failures="0" tests="1" name="testCases.TC_001_AccountRegistrationTest" time="2.858" errors="0" timestamp="2025-09-28T03:18:16 EDT" skipped="0">
  <testcase classname="testCases.TC_001_AccountRegistrationTest" name="verify_account_registration" time="2.858"/>
</testsuite> <!-- testCases.TC_001_AccountRegistrationTest -->
